<?xml version="1.0" encoding="UTF-8"?>
<!-- Generated by org.testng.reporters.JUnitXMLReporter -->
<testsuite ignored="0" hostname="Ranjinis-MacBook-Air.local" failures="2" tests="2" name="UltaPlaceOrder" time="61.183" errors="0" timestamp="2022-11-12T20:26:42 IST">
  <testcase classname="UltaDemo.Tests.SubmitUltaOrder" name="UltaPlaceOrder" time="17.207">
    <failure type="org.openqa.selenium.ElementNotInteractableException" message="Element &amp;lt;a class=&amp;quot;Anchor&amp;quot; href=&amp;quot;https://www.ulta.com/makeup-face-foundation?N=26y5&amp;quot;&amp;gt; could not be scrolled into view
Build info: version: &amp;apos;4.6.0&amp;apos;, revision: &amp;apos;79f1c02ae20&amp;apos;
System info: os.name: &amp;apos;Mac OS X&amp;apos;, os.arch: &amp;apos;x86_64&amp;apos;, os.version: &amp;apos;11.6.5&amp;apos;, java.version: &amp;apos;18.0.2.1&amp;apos;
Driver info: org.openqa.selenium.firefox.FirefoxDriver
Command: [a8c38dad-45c5-490e-8ac5-a4544e7312bc, clickElement {id=4fb2747f-af54-4f59-9400-40ac6152d9cc}]
Capabilities {acceptInsecureCerts: true, browserName: firefox, browserVersion: 106.0.5, moz:accessibilityChecks: false, moz:buildID: 20221104133228, moz:debuggerAddress: 127.0.0.1:23389, moz:geckodriverVersion: 0.32.0, moz:headless: false, moz:platformVersion: 20.6.0, moz:processID: 98180, moz:profile: /var/folders/mt/j5yg0wmx1fj..., moz:shutdownTimeout: 60000, moz:useNonSpecCompliantPointerOrigin: false, moz:webdriverClick: true, moz:windowless: false, pageLoadStrategy: normal, platformName: MAC, proxy: Proxy(), se:cdp: ws://127.0.0.1:23389/devtoo..., se:cdpVersion: 85.0, setWindowRect: true, strictFileInteractability: false, timeouts: {implicit: 0, pageLoad: 300000, script: 30000}, unhandledPromptBehavior: dismiss and notify}
Element: [[FirefoxDriver: firefox on MAC (a8c38dad-45c5-490e-8ac5-a4544e7312bc)] -&amp;gt; css selector: a[data-nav-description=&amp;apos;m - makeup:face:foundation&amp;apos;]]
Session ID: a8c38dad-45c5-490e-8ac5-a4544e7312bc">
      <![CDATA[org.openqa.selenium.ElementNotInteractableException: Element <a class="Anchor" href="https://www.ulta.com/makeup-face-foundation?N=26y5"> could not be scrolled into view
Build info: version: '4.6.0', revision: '79f1c02ae20'
System info: os.name: 'Mac OS X', os.arch: 'x86_64', os.version: '11.6.5', java.version: '18.0.2.1'
Driver info: org.openqa.selenium.firefox.FirefoxDriver
Command: [a8c38dad-45c5-490e-8ac5-a4544e7312bc, clickElement {id=4fb2747f-af54-4f59-9400-40ac6152d9cc}]
Capabilities {acceptInsecureCerts: true, browserName: firefox, browserVersion: 106.0.5, moz:accessibilityChecks: false, moz:buildID: 20221104133228, moz:debuggerAddress: 127.0.0.1:23389, moz:geckodriverVersion: 0.32.0, moz:headless: false, moz:platformVersion: 20.6.0, moz:processID: 98180, moz:profile: /var/folders/mt/j5yg0wmx1fj..., moz:shutdownTimeout: 60000, moz:useNonSpecCompliantPointerOrigin: false, moz:webdriverClick: true, moz:windowless: false, pageLoadStrategy: normal, platformName: MAC, proxy: Proxy(), se:cdp: ws://127.0.0.1:23389/devtoo..., se:cdpVersion: 85.0, setWindowRect: true, strictFileInteractability: false, timeouts: {implicit: 0, pageLoad: 300000, script: 30000}, unhandledPromptBehavior: dismiss and notify}
Element: [[FirefoxDriver: firefox on MAC (a8c38dad-45c5-490e-8ac5-a4544e7312bc)] -> css selector: a[data-nav-description='m - makeup:face:foundation']]
Session ID: a8c38dad-45c5-490e-8ac5-a4544e7312bc
at org.openqa.selenium.remote.codec.w3c.W3CHttpResponseCodec.createException(W3CHttpResponseCodec.java:200)
at org.openqa.selenium.remote.codec.w3c.W3CHttpResponseCodec.decode(W3CHttpResponseCodec.java:133)
at org.openqa.selenium.remote.codec.w3c.W3CHttpResponseCodec.decode(W3CHttpResponseCodec.java:53)
at org.openqa.selenium.remote.HttpCommandExecutor.execute(HttpCommandExecutor.java:184)
at org.openqa.selenium.remote.service.DriverCommandExecutor.invokeExecute(DriverCommandExecutor.java:167)
at org.openqa.selenium.remote.service.DriverCommandExecutor.execute(DriverCommandExecutor.java:142)
at org.openqa.selenium.remote.RemoteWebDriver.execute(RemoteWebDriver.java:541)
at org.openqa.selenium.remote.RemoteWebElement.execute(RemoteWebElement.java:257)
at org.openqa.selenium.remote.RemoteWebElement.click(RemoteWebElement.java:78)
at org.openqa.selenium.support.pagefactory.internal.LocatingElementHandler.invoke(LocatingElementHandler.java:52)
at jdk.proxy2/jdk.proxy2.$Proxy15.click(Unknown Source)
at UltaDemo.pageobjects.UltaHamburgerMenu.HamburgerMenu(UltaHamburgerMenu.java:48)
at UltaDemo.Tests.SubmitUltaOrder.UltaPlaceOrder(SubmitUltaOrder.java:46)
at java.base/java.util.ArrayList.forEach(ArrayList.java:1511)
at java.base/java.util.concurrent.FutureTask.run(FutureTask.java:264)
at java.base/java.util.concurrent.ThreadPoolExecutor.runWorker(ThreadPoolExecutor.java:1136)
at java.base/java.util.concurrent.ThreadPoolExecutor$Worker.run(ThreadPoolExecutor.java:635)
at java.base/java.lang.Thread.run(Thread.java:833)
... Removed 20 stack frames]]>
    </failure>
  </testcase> <!-- UltaPlaceOrder -->
  <testcase classname="UltaDemo.Tests.SubmitUltaOrder" name="UltaPlaceOrder" time="16.401">
    <failure type="org.openqa.selenium.ElementNotInteractableException" message="Element &amp;lt;a class=&amp;quot;Anchor&amp;quot; href=&amp;quot;https://www.ulta.com/makeup-face-foundation?N=26y5&amp;quot;&amp;gt; could not be scrolled into view
Build info: version: &amp;apos;4.6.0&amp;apos;, revision: &amp;apos;79f1c02ae20&amp;apos;
System info: os.name: &amp;apos;Mac OS X&amp;apos;, os.arch: &amp;apos;x86_64&amp;apos;, os.version: &amp;apos;11.6.5&amp;apos;, java.version: &amp;apos;18.0.2.1&amp;apos;
Driver info: org.openqa.selenium.firefox.FirefoxDriver
Command: [68df92fd-0116-4e95-a021-2d5f9044e0fe, clickElement {id=cbea1579-e0a2-4c9f-98f6-916fee23fb4e}]
Capabilities {acceptInsecureCerts: true, browserName: firefox, browserVersion: 106.0.5, moz:accessibilityChecks: false, moz:buildID: 20221104133228, moz:debuggerAddress: 127.0.0.1:14633, moz:geckodriverVersion: 0.32.0, moz:headless: false, moz:platformVersion: 20.6.0, moz:processID: 98205, moz:profile: /var/folders/mt/j5yg0wmx1fj..., moz:shutdownTimeout: 60000, moz:useNonSpecCompliantPointerOrigin: false, moz:webdriverClick: true, moz:windowless: false, pageLoadStrategy: normal, platformName: MAC, proxy: Proxy(), se:cdp: ws://127.0.0.1:14633/devtoo..., se:cdpVersion: 85.0, setWindowRect: true, strictFileInteractability: false, timeouts: {implicit: 0, pageLoad: 300000, script: 30000}, unhandledPromptBehavior: dismiss and notify}
Element: [[FirefoxDriver: firefox on MAC (68df92fd-0116-4e95-a021-2d5f9044e0fe)] -&amp;gt; css selector: a[data-nav-description=&amp;apos;m - makeup:face:foundation&amp;apos;]]
Session ID: 68df92fd-0116-4e95-a021-2d5f9044e0fe">
      <![CDATA[org.openqa.selenium.ElementNotInteractableException: Element <a class="Anchor" href="https://www.ulta.com/makeup-face-foundation?N=26y5"> could not be scrolled into view
Build info: version: '4.6.0', revision: '79f1c02ae20'
System info: os.name: 'Mac OS X', os.arch: 'x86_64', os.version: '11.6.5', java.version: '18.0.2.1'
Driver info: org.openqa.selenium.firefox.FirefoxDriver
Command: [68df92fd-0116-4e95-a021-2d5f9044e0fe, clickElement {id=cbea1579-e0a2-4c9f-98f6-916fee23fb4e}]
Capabilities {acceptInsecureCerts: true, browserName: firefox, browserVersion: 106.0.5, moz:accessibilityChecks: false, moz:buildID: 20221104133228, moz:debuggerAddress: 127.0.0.1:14633, moz:geckodriverVersion: 0.32.0, moz:headless: false, moz:platformVersion: 20.6.0, moz:processID: 98205, moz:profile: /var/folders/mt/j5yg0wmx1fj..., moz:shutdownTimeout: 60000, moz:useNonSpecCompliantPointerOrigin: false, moz:webdriverClick: true, moz:windowless: false, pageLoadStrategy: normal, platformName: MAC, proxy: Proxy(), se:cdp: ws://127.0.0.1:14633/devtoo..., se:cdpVersion: 85.0, setWindowRect: true, strictFileInteractability: false, timeouts: {implicit: 0, pageLoad: 300000, script: 30000}, unhandledPromptBehavior: dismiss and notify}
Element: [[FirefoxDriver: firefox on MAC (68df92fd-0116-4e95-a021-2d5f9044e0fe)] -> css selector: a[data-nav-description='m - makeup:face:foundation']]
Session ID: 68df92fd-0116-4e95-a021-2d5f9044e0fe
at org.openqa.selenium.remote.codec.w3c.W3CHttpResponseCodec.createException(W3CHttpResponseCodec.java:200)
at org.openqa.selenium.remote.codec.w3c.W3CHttpResponseCodec.decode(W3CHttpResponseCodec.java:133)
at org.openqa.selenium.remote.codec.w3c.W3CHttpResponseCodec.decode(W3CHttpResponseCodec.java:53)
at org.openqa.selenium.remote.HttpCommandExecutor.execute(HttpCommandExecutor.java:184)
at org.openqa.selenium.remote.service.DriverCommandExecutor.invokeExecute(DriverCommandExecutor.java:167)
at org.openqa.selenium.remote.service.DriverCommandExecutor.execute(DriverCommandExecutor.java:142)
at org.openqa.selenium.remote.RemoteWebDriver.execute(RemoteWebDriver.java:541)
at org.openqa.selenium.remote.RemoteWebElement.execute(RemoteWebElement.java:257)
at org.openqa.selenium.remote.RemoteWebElement.click(RemoteWebElement.java:78)
at org.openqa.selenium.support.pagefactory.internal.LocatingElementHandler.invoke(LocatingElementHandler.java:52)
at jdk.proxy2/jdk.proxy2.$Proxy15.click(Unknown Source)
at UltaDemo.pageobjects.UltaHamburgerMenu.HamburgerMenu(UltaHamburgerMenu.java:48)
at UltaDemo.Tests.SubmitUltaOrder.UltaPlaceOrder(SubmitUltaOrder.java:46)
at java.base/java.util.ArrayList.forEach(ArrayList.java:1511)
at java.base/java.util.concurrent.FutureTask.run(FutureTask.java:264)
at java.base/java.util.concurrent.ThreadPoolExecutor.runWorker(ThreadPoolExecutor.java:1136)
at java.base/java.util.concurrent.ThreadPoolExecutor$Worker.run(ThreadPoolExecutor.java:635)
at java.base/java.lang.Thread.run(Thread.java:833)
... Removed 20 stack frames]]>
    </failure>
  </testcase> <!-- UltaPlaceOrder -->
</testsuite> <!-- UltaPlaceOrder -->
