<?xml version="1.0" encoding="UTF-8"?>
<testsuite xmlns:xsi="http://www.w3.org/2001/XMLSchema-instance" xsi:noNamespaceSchemaLocation="https://maven.apache.org/surefire/maven-surefire-plugin/xsd/surefire-test-report-3.0.xsd" version="3.0" name="TestSuite" time="62.931" tests="2" errors="0" skipped="0" failures="2">
  <properties>
[...]
</properties>
  <testcase name="UltaPlaceOrder[jan@example.com, Pauljeni3$](1)" classname="UltaDemo.Tests.SubmitUltaOrder" time="17.247">
    <failure message="Element &lt;a class=&quot;Anchor&quot; href=&quot;https://www.ulta.com/makeup-face-foundation?N=26y5&quot;&gt; could not be scrolled into view&#10;Build info: version: &apos;4.6.0&apos;, revision: &apos;79f1c02ae20&apos;&#10;System info: os.name: &apos;Mac OS X&apos;, os.arch: &apos;x86_64&apos;, os.version: &apos;11.6.5&apos;, java.version: &apos;18.0.2.1&apos;&#10;Driver info: org.openqa.selenium.firefox.FirefoxDriver&#10;Command: [a8c38dad-45c5-490e-8ac5-a4544e7312bc, clickElement {id=4fb2747f-af54-4f59-9400-40ac6152d9cc}]&#10;Capabilities {acceptInsecureCerts: true, browserName: firefox, browserVersion: 106.0.5, moz:accessibilityChecks: false, moz:buildID: 20221104133228, moz:debuggerAddress: 127.0.0.1:23389, moz:geckodriverVersion: 0.32.0, moz:headless: false, moz:platformVersion: 20.6.0, moz:processID: 98180, moz:profile: /var/folders/mt/j5yg0wmx1fj..., moz:shutdownTimeout: 60000, moz:useNonSpecCompliantPointerOrigin: false, moz:webdriverClick: true, moz:windowless: false, pageLoadStrategy: normal, platformName: MAC, proxy: Proxy(), se:cdp: ws://127.0.0.1:23389/devtoo..., se:cdpVersion: 85.0, setWindowRect: true, strictFileInteractability: false, timeouts: {implicit: 0, pageLoad: 300000, script: 30000}, unhandledPromptBehavior: dismiss and notify}&#10;Element: [[FirefoxDriver: firefox on MAC (a8c38dad-45c5-490e-8ac5-a4544e7312bc)] -&gt; css selector: a[data-nav-description=&apos;m - makeup:face:foundation&apos;]]&#10;Session ID: a8c38dad-45c5-490e-8ac5-a4544e7312bc" type="org.openqa.selenium.ElementNotInteractableException"><![CDATA[org.openqa.selenium.ElementNotInteractableException: 
Element <a class="Anchor" href="https://www.ulta.com/makeup-face-foundation?N=26y5"> could not be scrolled into view
Build info: version: '4.6.0', revision: '79f1c02ae20'
System info: os.name: 'Mac OS X', os.arch: 'x86_64', os.version: '11.6.5', java.version: '18.0.2.1'
Driver info: org.openqa.selenium.firefox.FirefoxDriver
Command: [a8c38dad-45c5-490e-8ac5-a4544e7312bc, clickElement {id=4fb2747f-af54-4f59-9400-40ac6152d9cc}]
Capabilities {acceptInsecureCerts: true, browserName: firefox, browserVersion: 106.0.5, moz:accessibilityChecks: false, moz:buildID: 20221104133228, moz:debuggerAddress: 127.0.0.1:23389, moz:geckodriverVersion: 0.32.0, moz:headless: false, moz:platformVersion: 20.6.0, moz:processID: 98180, moz:profile: /var/folders/mt/j5yg0wmx1fj..., moz:shutdownTimeout: 60000, moz:useNonSpecCompliantPointerOrigin: false, moz:webdriverClick: true, moz:windowless: false, pageLoadStrategy: normal, platformName: MAC, proxy: Proxy(), se:cdp: ws://127.0.0.1:23389/devtoo..., se:cdpVersion: 85.0, setWindowRect: true, strictFileInteractability: false, timeouts: {implicit: 0, pageLoad: 300000, script: 30000}, unhandledPromptBehavior: dismiss and notify}
Element: [[FirefoxDriver: firefox on MAC (a8c38dad-45c5-490e-8ac5-a4544e7312bc)] -> css selector: a[data-nav-description='m - makeup:face:foundation']]
Session ID: a8c38dad-45c5-490e-8ac5-a4544e7312bc
	at java.base/jdk.internal.reflect.DirectConstructorHandleAccessor.newInstance(DirectConstructorHandleAccessor.java:67)
	at java.base/java.lang.reflect.Constructor.newInstanceWithCaller(Constructor.java:499)
	at java.base/java.lang.reflect.Constructor.newInstance(Constructor.java:483)
	at org.openqa.selenium.remote.codec.w3c.W3CHttpResponseCodec.createException(W3CHttpResponseCodec.java:200)
	at org.openqa.selenium.remote.codec.w3c.W3CHttpResponseCodec.decode(W3CHttpResponseCodec.java:133)
	at org.openqa.selenium.remote.codec.w3c.W3CHttpResponseCodec.decode(W3CHttpResponseCodec.java:53)
	at org.openqa.selenium.remote.HttpCommandExecutor.execute(HttpCommandExecutor.java:184)
	at org.openqa.selenium.remote.service.DriverCommandExecutor.invokeExecute(DriverCommandExecutor.java:167)
	at org.openqa.selenium.remote.service.DriverCommandExecutor.execute(DriverCommandExecutor.java:142)
	at org.openqa.selenium.remote.RemoteWebDriver.execute(RemoteWebDriver.java:541)
	at org.openqa.selenium.remote.RemoteWebElement.execute(RemoteWebElement.java:257)
	at org.openqa.selenium.remote.RemoteWebElement.click(RemoteWebElement.java:78)
	at java.base/jdk.internal.reflect.DirectMethodHandleAccessor.invoke(DirectMethodHandleAccessor.java:104)
	at java.base/java.lang.reflect.Method.invoke(Method.java:577)
	at org.openqa.selenium.support.pagefactory.internal.LocatingElementHandler.invoke(LocatingElementHandler.java:52)
	at jdk.proxy2/jdk.proxy2.$Proxy15.click(Unknown Source)
	at UltaDemo.pageobjects.UltaHamburgerMenu.HamburgerMenu(UltaHamburgerMenu.java:48)
	at UltaDemo.Tests.SubmitUltaOrder.UltaPlaceOrder(SubmitUltaOrder.java:46)
	at java.base/jdk.internal.reflect.DirectMethodHandleAccessor.invoke(DirectMethodHandleAccessor.java:104)
	at java.base/java.lang.reflect.Method.invoke(Method.java:577)
	at org.testng.internal.invokers.MethodInvocationHelper.invokeMethod(MethodInvocationHelper.java:139)
	at org.testng.internal.invokers.TestInvoker.invokeMethod(TestInvoker.java:677)
	at org.testng.internal.invokers.TestInvoker.invokeTestMethod(TestInvoker.java:221)
	at org.testng.internal.invokers.MethodRunner.runInSequence(MethodRunner.java:50)
	at org.testng.internal.invokers.TestInvoker$MethodInvocationAgent.invoke(TestInvoker.java:962)
	at org.testng.internal.invokers.TestInvoker.invokeTestMethods(TestInvoker.java:194)
	at org.testng.internal.invokers.TestMethodWorker.invokeTestMethods(TestMethodWorker.java:148)
	at org.testng.internal.invokers.TestMethodWorker.run(TestMethodWorker.java:128)
	at java.base/java.util.ArrayList.forEach(ArrayList.java:1511)
	at org.testng.TestRunner.privateRun(TestRunner.java:806)
	at org.testng.TestRunner.run(TestRunner.java:601)
	at org.testng.SuiteRunner.runTest(SuiteRunner.java:433)
	at org.testng.SuiteRunner$SuiteWorker.run(SuiteRunner.java:471)
	at org.testng.internal.thread.ThreadUtil.lambda$execute$0(ThreadUtil.java:58)
	at java.base/java.util.concurrent.FutureTask.run(FutureTask.java:264)
	at java.base/java.util.concurrent.ThreadPoolExecutor.runWorker(ThreadPoolExecutor.java:1136)
	at java.base/java.util.concurrent.ThreadPoolExecutor$Worker.run(ThreadPoolExecutor.java:635)
	at java.base/java.lang.Thread.run(Thread.java:833)
]]></failure>
    <system-err><![CDATA[SLF4J: Failed to load class "org.slf4j.impl.StaticLoggerBinder".
SLF4J: Defaulting to no-operation (NOP) logger implementation
SLF4J: See http://www.slf4j.org/codes.html#StaticLoggerBinder for further details.
1668264945073	geckodriver	INFO	Listening on 127.0.0.1:35912
1668264945390	mozrunner::runner	INFO	Running command: "/Applications/Firefox.app/Contents/MacOS/firefox-bin" "--marionette" "--remote-debugging-port" "23389" "--remote-allow-hosts" "localhost" "--remote-allow-origins" "http://127.0.0.1:23389/,http://localhost:23389/,http://[::1]:23389/" "-foreground" "-no-remote" "-profile" "/var/folders/mt/j5yg0wmx1fj7zzv92tg6b8hr0000gn/T/rust_mozprofile2bginy"
1668264961367	Marionette	INFO	Marionette enabled
1668264961509	Marionette	INFO	Listening on port 49790
Read port: 49790
WebDriver BiDi listening on ws://127.0.0.1:23389
1668264961727	RemoteAgent	WARN	TLS certificate errors will be ignored for this session
console.warn: SearchSettings: "get: No settings file exists, new profile?" (new NotFoundError("Could not open the file at /var/folders/mt/j5yg0wmx1fj7zzv92tg6b8hr0000gn/T/rust_mozprofile2bginy/search.json.mozlz4", (void 0)))
DevTools listening on ws://127.0.0.1:23389/devtools/browser/a18b6b9d-5e8d-4b8e-81c7-0fd2320764bf
JavaScript error: resource://gre/modules/URIFixup.jsm, line 307: NS_ERROR_FAILURE: Should pass a non-null uri
JavaScript warning: https://conversation.ultainc.com/ccp/webchat.js, line 1202: unreachable code after return statement
JavaScript warning: https://conversation.ultainc.com/ccp/webchat.js, line 1752: unreachable code after return statement
console.warn: LoginRecipes: "Falling back to a synchronous message for: https://www.ulta.com."
JavaScript warning: https://conversation.ultainc.com/ccp/webchat.js, line 1202: unreachable code after return statement
JavaScript warning: https://conversation.ultainc.com/ccp/webchat.js, line 1752: unreachable code after return statement
JavaScript warning: https://dfapvmql-q.global.ssl.fastly.net/FUL4X06I6Z.js line 1 > eval, line 1: WEBGL_debug_renderer_info is deprecated in Firefox and will be removed. Please use RENDERER.
]]></system-err>
  </testcase>
  <testcase name="UltaPlaceOrder[man@example.com, Pauljeni3$](2)" classname="UltaDemo.Tests.SubmitUltaOrder" time="16.422">
    <failure message="Element &lt;a class=&quot;Anchor&quot; href=&quot;https://www.ulta.com/makeup-face-foundation?N=26y5&quot;&gt; could not be scrolled into view&#10;Build info: version: &apos;4.6.0&apos;, revision: &apos;79f1c02ae20&apos;&#10;System info: os.name: &apos;Mac OS X&apos;, os.arch: &apos;x86_64&apos;, os.version: &apos;11.6.5&apos;, java.version: &apos;18.0.2.1&apos;&#10;Driver info: org.openqa.selenium.firefox.FirefoxDriver&#10;Command: [68df92fd-0116-4e95-a021-2d5f9044e0fe, clickElement {id=cbea1579-e0a2-4c9f-98f6-916fee23fb4e}]&#10;Capabilities {acceptInsecureCerts: true, browserName: firefox, browserVersion: 106.0.5, moz:accessibilityChecks: false, moz:buildID: 20221104133228, moz:debuggerAddress: 127.0.0.1:14633, moz:geckodriverVersion: 0.32.0, moz:headless: false, moz:platformVersion: 20.6.0, moz:processID: 98205, moz:profile: /var/folders/mt/j5yg0wmx1fj..., moz:shutdownTimeout: 60000, moz:useNonSpecCompliantPointerOrigin: false, moz:webdriverClick: true, moz:windowless: false, pageLoadStrategy: normal, platformName: MAC, proxy: Proxy(), se:cdp: ws://127.0.0.1:14633/devtoo..., se:cdpVersion: 85.0, setWindowRect: true, strictFileInteractability: false, timeouts: {implicit: 0, pageLoad: 300000, script: 30000}, unhandledPromptBehavior: dismiss and notify}&#10;Element: [[FirefoxDriver: firefox on MAC (68df92fd-0116-4e95-a021-2d5f9044e0fe)] -&gt; css selector: a[data-nav-description=&apos;m - makeup:face:foundation&apos;]]&#10;Session ID: 68df92fd-0116-4e95-a021-2d5f9044e0fe" type="org.openqa.selenium.ElementNotInteractableException"><![CDATA[org.openqa.selenium.ElementNotInteractableException: 
Element <a class="Anchor" href="https://www.ulta.com/makeup-face-foundation?N=26y5"> could not be scrolled into view
Build info: version: '4.6.0', revision: '79f1c02ae20'
System info: os.name: 'Mac OS X', os.arch: 'x86_64', os.version: '11.6.5', java.version: '18.0.2.1'
Driver info: org.openqa.selenium.firefox.FirefoxDriver
Command: [68df92fd-0116-4e95-a021-2d5f9044e0fe, clickElement {id=cbea1579-e0a2-4c9f-98f6-916fee23fb4e}]
Capabilities {acceptInsecureCerts: true, browserName: firefox, browserVersion: 106.0.5, moz:accessibilityChecks: false, moz:buildID: 20221104133228, moz:debuggerAddress: 127.0.0.1:14633, moz:geckodriverVersion: 0.32.0, moz:headless: false, moz:platformVersion: 20.6.0, moz:processID: 98205, moz:profile: /var/folders/mt/j5yg0wmx1fj..., moz:shutdownTimeout: 60000, moz:useNonSpecCompliantPointerOrigin: false, moz:webdriverClick: true, moz:windowless: false, pageLoadStrategy: normal, platformName: MAC, proxy: Proxy(), se:cdp: ws://127.0.0.1:14633/devtoo..., se:cdpVersion: 85.0, setWindowRect: true, strictFileInteractability: false, timeouts: {implicit: 0, pageLoad: 300000, script: 30000}, unhandledPromptBehavior: dismiss and notify}
Element: [[FirefoxDriver: firefox on MAC (68df92fd-0116-4e95-a021-2d5f9044e0fe)] -> css selector: a[data-nav-description='m - makeup:face:foundation']]
Session ID: 68df92fd-0116-4e95-a021-2d5f9044e0fe
	at java.base/jdk.internal.reflect.DirectConstructorHandleAccessor.newInstance(DirectConstructorHandleAccessor.java:67)
	at java.base/java.lang.reflect.Constructor.newInstanceWithCaller(Constructor.java:499)
	at java.base/java.lang.reflect.Constructor.newInstance(Constructor.java:483)
	at org.openqa.selenium.remote.codec.w3c.W3CHttpResponseCodec.createException(W3CHttpResponseCodec.java:200)
	at org.openqa.selenium.remote.codec.w3c.W3CHttpResponseCodec.decode(W3CHttpResponseCodec.java:133)
	at org.openqa.selenium.remote.codec.w3c.W3CHttpResponseCodec.decode(W3CHttpResponseCodec.java:53)
	at org.openqa.selenium.remote.HttpCommandExecutor.execute(HttpCommandExecutor.java:184)
	at org.openqa.selenium.remote.service.DriverCommandExecutor.invokeExecute(DriverCommandExecutor.java:167)
	at org.openqa.selenium.remote.service.DriverCommandExecutor.execute(DriverCommandExecutor.java:142)
	at org.openqa.selenium.remote.RemoteWebDriver.execute(RemoteWebDriver.java:541)
	at org.openqa.selenium.remote.RemoteWebElement.execute(RemoteWebElement.java:257)
	at org.openqa.selenium.remote.RemoteWebElement.click(RemoteWebElement.java:78)
	at java.base/jdk.internal.reflect.DirectMethodHandleAccessor.invoke(DirectMethodHandleAccessor.java:104)
	at java.base/java.lang.reflect.Method.invoke(Method.java:577)
	at org.openqa.selenium.support.pagefactory.internal.LocatingElementHandler.invoke(LocatingElementHandler.java:52)
	at jdk.proxy2/jdk.proxy2.$Proxy15.click(Unknown Source)
	at UltaDemo.pageobjects.UltaHamburgerMenu.HamburgerMenu(UltaHamburgerMenu.java:48)
	at UltaDemo.Tests.SubmitUltaOrder.UltaPlaceOrder(SubmitUltaOrder.java:46)
	at java.base/jdk.internal.reflect.DirectMethodHandleAccessor.invoke(DirectMethodHandleAccessor.java:104)
	at java.base/java.lang.reflect.Method.invoke(Method.java:577)
	at org.testng.internal.invokers.MethodInvocationHelper.invokeMethod(MethodInvocationHelper.java:139)
	at org.testng.internal.invokers.TestInvoker.invokeMethod(TestInvoker.java:677)
	at org.testng.internal.invokers.TestInvoker.invokeTestMethod(TestInvoker.java:221)
	at org.testng.internal.invokers.MethodRunner.runInSequence(MethodRunner.java:50)
	at org.testng.internal.invokers.TestInvoker$MethodInvocationAgent.invoke(TestInvoker.java:962)
	at org.testng.internal.invokers.TestInvoker.invokeTestMethods(TestInvoker.java:194)
	at org.testng.internal.invokers.TestMethodWorker.invokeTestMethods(TestMethodWorker.java:148)
	at org.testng.internal.invokers.TestMethodWorker.run(TestMethodWorker.java:128)
	at java.base/java.util.ArrayList.forEach(ArrayList.java:1511)
	at org.testng.TestRunner.privateRun(TestRunner.java:806)
	at org.testng.TestRunner.run(TestRunner.java:601)
	at org.testng.SuiteRunner.runTest(SuiteRunner.java:433)
	at org.testng.SuiteRunner$SuiteWorker.run(SuiteRunner.java:471)
	at org.testng.internal.thread.ThreadUtil.lambda$execute$0(ThreadUtil.java:58)
	at java.base/java.util.concurrent.FutureTask.run(FutureTask.java:264)
	at java.base/java.util.concurrent.ThreadPoolExecutor.runWorker(ThreadPoolExecutor.java:1136)
	at java.base/java.util.concurrent.ThreadPoolExecutor$Worker.run(ThreadPoolExecutor.java:635)
	at java.base/java.lang.Thread.run(Thread.java:833)
]]></failure>
    <system-err><![CDATA[1668264981577	geckodriver	INFO	Listening on 127.0.0.1:17779
1668264981608	mozrunner::runner	INFO	Running command: "/Applications/Firefox.app/Contents/MacOS/firefox-bin" "--marionette" "--remote-debugging-port" "14633" "--remote-allow-hosts" "localhost" "--remote-allow-origins" "http://127.0.0.1:14633/,http://localhost:14633/,http://[::1]:14633/" "-foreground" "-no-remote" "-profile" "/var/folders/mt/j5yg0wmx1fj7zzv92tg6b8hr0000gn/T/rust_mozprofilegcokXA"
1668264982210	Marionette	INFO	Marionette enabled
1668264982254	Marionette	INFO	Listening on port 50120
Read port: 50120
WebDriver BiDi listening on ws://127.0.0.1:14633
1668264982767	RemoteAgent	WARN	TLS certificate errors will be ignored for this session
console.warn: SearchSettings: "get: No settings file exists, new profile?" (new NotFoundError("Could not open the file at /var/folders/mt/j5yg0wmx1fj7zzv92tg6b8hr0000gn/T/rust_mozprofilegcokXA/search.json.mozlz4", (void 0)))
DevTools listening on ws://127.0.0.1:14633/devtools/browser/21f2baf6-e80e-4a0a-a8d0-69b2cbc7f448
JavaScript error: resource://gre/modules/URIFixup.jsm, line 307: NS_ERROR_FAILURE: Should pass a non-null uri
JavaScript warning: https://conversation.ultainc.com/ccp/webchat.js, line 1202: unreachable code after return statement
JavaScript warning: https://conversation.ultainc.com/ccp/webchat.js, line 1752: unreachable code after return statement
console.warn: LoginRecipes: "Falling back to a synchronous message for: https://www.ulta.com."
JavaScript warning: https://conversation.ultainc.com/ccp/webchat.js, line 1202: unreachable code after return statement
JavaScript warning: https://conversation.ultainc.com/ccp/webchat.js, line 1752: unreachable code after return statement
JavaScript warning: https://dfapvmql-q.global.ssl.fastly.net/FUL4X06I6Z.js line 1 > eval, line 1: WEBGL_debug_renderer_info is deprecated in Firefox and will be removed. Please use RENDERER.
]]></system-err>
  </testcase>
</testsuite>